<?xml version="1.0" encoding="UTF-8"?>
<message xmlns:xsi="http://www.w3.org/2001/XMLSchema-instance"
   xsi:schemaLocation="http://podaac.jpl.nasa.gov podaac_message.xsd"
   xmlns="http://podaac.jpl.nasa.gov">
   <product>
      <submission>
         <header>
            <project>INVENTORY</project>
            <batch>2008</batch>
            <contributor>
               <email>Cynthia.Wong@jpl.nasa.gov</email>
               <messageLevel>VERBOSE</messageLevel>
            </contributor>
            <requested>1204646600422</requested>
            <time>
               <start>1204646601458</start>
               <stop>1204646604058</stop>
            </time>
            <submissionId>2008_03_04_0001</submissionId>
            <status>STAGED</status>
            <comment>File created as Inventory Test Data</comment>
         </header>
         <content>
            <complete>
               <granule>
                  <id>2008</id>
                  <name>INVENTORY-TEST-GRANULE-2-NO-HISTORY</name>
                  <replace>INVENTORY-TEST-GRANULE-2-NO-HISTORY</replace>
		  <datasetName>ASCAT-L2-25km</datasetName><productType>ASCAT-L2-25km</productType><version>3.0</version>
                  <files>
                     <file>
                        <name>INVENTORY-TEST-FILE-DATA</name>
                        <sources>
                           <source>
                              <link>${source.dir}/file230m</link>
                              <size>99999</size>
                              <checksum>
                                 <type>MD5</type>
                                 <value>b91c29b0da3dbe687bf08cf26c14fdbf</value>
                              </checksum>                              
                           </source>
                        </sources>
                        <type>DATA</type>
                        <ingest>
                           <source>
                              <link>${source.dir}/file230m</link>
                              <size>9999999999</size>
                              <checksum>
                                 <type>MD5</type>
                                 <value>b91c29b0da3dbe687bf08cf26c14fdbf</value>
                              </checksum>
                            </source>
                           <localStaging>
                              ${local.staging}/testDataFile
                           </localStaging>
                           <remoteStaging>
                              ${remote.staging}/testDataFile
                           </remoteStaging>
                           <size>241172480</size>
                           <checksum>
                              <type>MD5</type>
                              <value>b91c29b0da3dbe687bf08cf26c14fdbf</value>
                           </checksum>
                           <time>
                              <start>1204646601465</start>
                              <stop>1204646602869</stop>
                           </time>
                        </ingest>
                     </file>
                     <file>
                        <name>INVENTORY-TEST-FILE-METADATA</name>
                        <sources>
                           <source>
                              <link>${source.dir}/file2k</link>
                              <size>2000</size>
                               <checksum>
                                 <type>MD5</type>
                                 <value>cf40a1de3f93b4a025409b5efa5aa210</value>
                              </checksum>
                            </source>
                        </sources>
                        <type>METADATA</type>
                        <ingest>
                           <source>
                              <link>${source.dir}/file2k</link>
                              <size>2000</size>
                              <checksum>
                                 <type>MD5</type>
                                 <value>cf40a1de3f93b4a025409b5efa5aa210</value>
                              </checksum>
                           </source>
                           <localStaging>
                              ${local.staging}/testMetadataFile
                           </localStaging>
                           <remoteStaging>
                              ${remote.staging}/testMetadataFile
                           </remoteStaging>
                           <size>2000</size>
                           <checksum>
                              <type>MD5</type>
                              <value>cf40a1de3f93b4a025409b5efa5aa210</value>
                           </checksum>
                           <time>
                              <start>1204646601465</start>
                              <stop>1204646602869</stop>
                           </time>
                        </ingest>
                     </file>
                     <file>
                        <name>INVENTORY-TEST-FILE-CHECKSUM</name>
                        <sources>
                           <source>
                              <link>${source.dir}/file230m.md5</link>
                              <size>33</size>
                           </source>
                        </sources>
                        <type>CHECKSUM</type>
                        <ingest>
                           <source>
                              <link>${source.dir}/file230m.md5</link>
                              <size>33</size>
                           </source>
                           <localStaging>
                              ${local.staging}/testDataFile.md5
                           </localStaging>
                           <remoteStaging>
                              ${remote.staging}/testDataFile.md5
                           </remoteStaging>
                           <size>33</size>
                           <checksum>
                              <type>MD5</type>
                              <value>e2e671fd62169e6f735c19e45a5ed4e0</value>
                           </checksum>
                           <time>
                              <start>1204646601465</start>
                              <stop>1204646602869</stop>
                           </time>
                        </ingest>
                     </file>
                  </files>
                  <temporalCoverage>
                     <start>1188370320000</start>
                     <stop>1188370800000</stop>
                  </temporalCoverage>
                  <createTime>1188375260000</createTime>
                  <spatialCoverage>
		    <rectangle>
                        <westLongitude>-159.68499755859375</westLongitude>
                        <northLatitude>43.66299819946289</northLatitude>
                        <eastLongitude>0.0</eastLongitude>
                        <southLatitude>0.0</southLatitude>
                    </rectangle>
		     <polygons>
			<polygon>
		  <point>
                    <longitude>-35.14821999999998</longitude>
                    <latitude>7.176410000000001</latitude>
                  </point>
                  <point>
                    <longitude>-37.067139999999995</longitude>
                    <latitude>14.582020000000002</latitude>
                  </point>
                  <point>
                    <longitude>-39.43697999999995</longitude>
                    <latitude>22.604460000000003</latitude>
                  </point>
                  <point>
                    <longitude>-42.38167999999996</longitude>
                    <latitude>30.99714</latitude>
                  </point>
                  <point>
                    <longitude>-46.42779999999999</longitude>
                    <latitude>40.13123</latitude>
                  </point>
                  <point>
                    <longitude>-59.20227</longitude>
                    <latitude>57.21154000000001</latitude>
                  </point>
                  <point>
                    <longitude>-147.08852000000002</longitude>
                    <latitude>71.83577000000001</latitude>
                  </point>
                  <point>
                    <longitude>167.32452</longitude>
                    <latitude>47.66272000000001</latitude>
                  </point>
                  <point>
                    <longitude>161.58183000000002</longitude>
                    <latitude>37.428160000000005</latitude>
                  </point>
                  <point>
                    <longitude>157.74634000000003</longitude>
                    <latitude>28.035680000000003</latitude>
                  </point>
                  <point>
                    <longitude>154.59712000000002</longitude>
                    <latitude>18.31602</latitude>
                  </point>
                  <point>
                    <longitude>152.11797</longitude>
                    <latitude>9.18154</latitude>
                  </point>
                  <point>
                    <longitude>150.04054000000002</longitude>
                    <latitude>0.44856</latitude>
                  </point>
                  <point>
                    <longitude>148.25113</longitude>
                    <latitude>-7.864240000000001</latitude>
                  </point>
                  <point>
                    <longitude>147.14795000000004</longitude>
                    <latitude>-13.337150000000001</latitude>
                  </point>
                  <point>
                    <longitude>146.09094000000005</longitude>
                    <latitude>-18.81051</latitude>
                  </point>
                  <point>
                    <longitude>145.11118</longitude>
                    <latitude>-24.063850000000002</latitude>
                  </point>
                  <point>
                    <longitude>144.15837</longitude>
                    <latitude>-29.314610000000002</latitude>
                  </point>
                  <point>
                    <longitude>143.22555999999997</longitude>
                    <latitude>-34.561980000000005</latitude>
                  </point>
                  <point>
                    <longitude>142.34392000000003</longitude>
                    <latitude>-39.586600000000004</latitude>
                  </point>
                  <point>
                    <longitude>141.46738000000005</longitude>
                    <latitude>-44.60692</latitude>
                  </point>
                  <point>
                    <longitude>140.62619</longitude>
                    <latitude>-49.40447</latitude>
                  </point>
                  <point>
                    <longitude>139.73337000000004</longitude>
                    <latitude>-54.415510000000005</latitude>
                  </point>
                  <point>
                    <longitude>138.81105000000002</longitude>
                    <latitude>-59.421690000000005</latitude>
                  </point>
                  <point>
                    <longitude>137.83272999999997</longitude>
                    <latitude>-64.42334000000001</latitude>
                  </point>
                  <point>
                    <longitude>136.7989</longitude>
                    <latitude>-69.20331</latitude>
                  </point>
                  <point>
                    <longitude>135.51065</longitude>
                    <latitude>-74.19618000000001</latitude>
                  </point>
                  <point>
                    <longitude>133.80921999999998</longitude>
                    <latitude>-78.96692</latitude>
                  </point>
                  <point>
                    <longitude>130.57689000000005</longitude>
                    <latitude>-83.72729000000001</latitude>
                  </point>
                  <point>
                    <longitude>112.08294999999998</longitude>
                    <latitude>-88.39912000000001</latitude>
                  </point>
                  <point>
                    <longitude>-33.90368999999998</longitude>
                    <latitude>-86.63049000000001</latitude>
                  </point>
                  <point>
                    <longitude>-41.04616999999996</longitude>
                    <latitude>-81.89295000000001</latitude>
                  </point>
                  <point>
                    <longitude>-43.42260999999996</longitude>
                    <latitude>-77.12719000000001</latitude>
                  </point>
                  <point>
                    <longitude>-44.94808999999998</longitude>
                    <latitude>-72.13734000000001</latitude>
                  </point>
                  <point>
                    <longitude>-46.08233999999999</longitude>
                    <latitude>-67.35986000000001</latitude>
                  </point>
                  <point>
                    <longitude>-47.114319999999964</longitude>
                    <latitude>-62.361000000000004</latitude>
                  </point>
                  <point>
                    <longitude>-48.065309999999954</longitude>
                    <latitude>-57.35755</latitude>
                  </point>
                  <point>
                    <longitude>-48.97301999999996</longitude>
                    <latitude>-52.34953</latitude>
                  </point>
                  <point>
                    <longitude>-49.82049999999998</longitude>
                    <latitude>-47.554680000000005</latitude>
                  </point>
                  <point>
                    <longitude>-50.697689999999966</longitude>
                    <latitude>-42.53732</latitude>
                  </point>
                  <point>
                    <longitude>-51.57549999999998</longitude>
                    <latitude>-37.51527</latitude>
                  </point>
                  <point>
                    <longitude>-52.50009</longitude>
                    <latitude>-32.27046</latitude>
                  </point>
                  <point>
                    <longitude>-53.44085999999999</longitude>
                    <latitude>-27.021580000000004</latitude>
                  </point>
                  <point>
                    <longitude>-54.40459999999996</longitude>
                    <latitude>-21.7697</latitude>
                  </point>
                  <point>
                    <longitude>-55.44054999999997</longitude>
                    <latitude>-16.296860000000002</latitude>
                  </point>
                  <point>
                    <longitude>-56.51760999999999</longitude>
                    <latitude>-10.823590000000001</latitude>
                  </point>
                  <point>
                    <longitude>-58.54348999999996</longitude>
                    <latitude>-1.1955300000000002</latitude>
                  </point>
                  <point>
                    <longitude>-19.67608999999993</longitude>
                    <latitude>10.62992</latitude>
                  </point>
                  <point>
                    <longitude>-20.379030000000057</longitude>
                    <latitude>14.131450000000001</latitude>
                  </point>
                  <point>
                    <longitude>-21.442019999999957</longitude>
                    <latitude>19.602870000000003</latitude>
                  </point>
                  <point>
                    <longitude>-22.42940999999996</longitude>
                    <latitude>24.854390000000002</latitude>
                  </point>
                  <point>
                    <longitude>-23.391910000000053</longitude>
                    <latitude>30.103590000000004</latitude>
                  </point>
                  <point>
                    <longitude>-24.33687999999995</longitude>
                    <latitude>35.349520000000005</latitude>
                  </point>
                  <point>
                    <longitude>-25.271999999999935</longitude>
                    <latitude>40.59138</latitude>
                  </point>
                  <point>
                    <longitude>-26.16701999999998</longitude>
                    <latitude>45.61059</latitude>
                  </point>
                  <point>
                    <longitude>-27.07086000000004</longitude>
                    <latitude>50.625310000000006</latitude>
                  </point>
                  <point>
                    <longitude>-27.99694999999997</longitude>
                    <latitude>55.63550000000001</latitude>
                  </point>
                  <point>
                    <longitude>-28.966159999999945</longitude>
                    <latitude>60.641090000000005</latitude>
                  </point>
                  <point>
                    <longitude>-30.014279999999985</longitude>
                    <latitude>65.64224</latitude>
                  </point>
                  <point>
                    <longitude>-31.21172999999999</longitude>
                    <latitude>70.63885</latitude>
                  </point>
                  <point>
                    <longitude>-32.647339999999986</longitude>
                    <latitude>75.41356</latitude>
                  </point>
                  <point>
                    <longitude>-34.92779999999999</longitude>
                    <latitude>80.39786000000001</latitude>
                  </point>
                  <point>
                    <longitude>-40.091459999999984</longitude>
                    <latitude>85.14409</latitude>
                  </point>
                  <point>
                    <longitude>-136.26401999999996</longitude>
                    <latitude>89.21355000000001</latitude>
                  </point>
                  <point>
                    <longitude>156.22852</longitude>
                    <latitude>84.97026000000001</latitude>
                  </point>
                  <point>
                    <longitude>151.29782</longitude>
                    <latitude>80.22240000000001</latitude>
                  </point>
                  <point>
                    <longitude>149.13927</longitude>
                    <latitude>75.4546</latitude>
                  </point>
                  <point>
                    <longitude>147.70018000000005</longitude>
                    <latitude>70.67994</latitude>
                  </point>
                  <point>
                    <longitude>146.50107000000003</longitude>
                    <latitude>65.68329</latitude>
                  </point>
                  <point>
                    <longitude>145.49579</longitude>
                    <latitude>60.89972</latitude>
                  </point>
                  <point>
                    <longitude>144.52362000000005</longitude>
                    <latitude>55.894270000000006</latitude>
                  </point>
                  <point>
                    <longitude>143.59595000000002</longitude>
                    <latitude>50.884310000000006</latitude>
                  </point>
                  <point>
                    <longitude>142.69141000000002</longitude>
                    <latitude>45.869730000000004</latitude>
                  </point>
                  <point>
                    <longitude>141.79626000000002</longitude>
                    <latitude>40.850730000000006</latitude>
                  </point>
                  <point>
                    <longitude>140.90056000000004</longitude>
                    <latitude>35.827470000000005</latitude>
                  </point>
                  <point>
                    <longitude>139.99651</longitude>
                    <latitude>30.800480000000004</latitude>
                  </point>
                  <point>
                    <longitude>139.03682000000003</longitude>
                    <latitude>25.551560000000002</latitude>
                  </point>
                  <point>
                    <longitude>138.05327</longitude>
                    <latitude>20.300210000000003</latitude>
                  </point>
                  <point>
                    <longitude>137.03841</longitude>
                    <latitude>15.04761</latitude>
                  </point>
                  <point>
                    <longitude>135.93929000000003</longitude>
                    <latitude>9.576440000000002</latitude>
                  </point>
                  <point>
                    <longitude>134.73993000000002</longitude>
                    <latitude>3.88893</latitude>
                  </point>
                  <point>
                    <longitude>132.75069000000002</longitude>
                    <latitude>-4.84977</latitude>
                  </point>
                  <point>
                    <longitude>130.46837000000005</longitude>
                    <latitude>-13.78062</latitude>
                  </point>
                  <point>
                    <longitude>127.62745000000001</longitude>
                    <latitude>-23.31381</latitude>
                  </point>
                  <point>
                    <longitude>123.73829999999998</longitude>
                    <latitude>-33.825610000000005</latitude>
                  </point>
                  <point>
                    <longitude>111.88531999999998</longitude>
                    <latitude>-53.31255</latitude>
                  </point>
                  <point>
                    <longitude>28.485860000000002</longitude>
                    <latitude>-72.64</latitude>
                  </point>
                  <point>
                    <longitude>-20.288389999999936</longitude>
                    <latitude>-53.8098</latitude>
                  </point>
                  <point>
                    <longitude>-30.740719999999953</longitude>
                    <latitude>-37.96401</latitude>
                  </point>
                  <point>
                    <longitude>-36.59295999999995</longitude>
                    <latitude>-22.991960000000002</latitude>
                  </point>
                  <point>
                    <longitude>-40.450379999999996</longitude>
                    <latitude>-9.53954</latitude>
                  </point>
                  <point>
                    <longitude>-43.24190999999996</longitude>
                    <latitude>2.24678</latitude>
                  </point>
                  <point>
                    <longitude>-35.14821999999998</longitude>
                    <latitude>7.176410000000001</latitude>
                  </point>
		<region>DUMMY_REGION_NAME</region><order>COUNTERCLOCKWISE</order>
		</polygon>
		 </polygons>
		<swath>
		  <inclinationAngle>22.5</inclinationAngle>
		  <swathWidth>22.5</swathWidth>
		  <equatorCrossingTime>225</equatorCrossingTime>
		  <equatorCrossingLongitude>22.5</equatorCrossingLongitude>
		</swath>
		  </spatialCoverage>
               </granule>
            </complete>
         </content>
      </submission>
      <notify>
         <lastName>Wong</lastName>
         <firstName>Cynthia</firstName>
         <email>Cynthia.Wong@jpl.nasa.gov</email>
         <address>4800 Oak Grove Dr. Pasadena, CA, 91109 USA</address>
         <phone>626-393-2572</phone>
         <fax>626-354-1234</fax>
         <messageLevel>SILENT</messageLevel>
      </notify>
   </product>
   <origin address="127.0.0.1" agent="clwong@sipsubmit"
      time="1204646600422" />
   <target address="127.0.0.1" agent="INVENTORY:INVENTORY"
      time="1204646600456" />
</message>
