<dataset type="update">
	<field name="dataset_acrossTrackResolution" type="int" required="false"></field>
	<field name="dataset_alongTrackResolution" type="int" required="false"></field>
	<field name="dataset_altitudeResolution" type="char" required="false">null</field>
	<field name="dataset_ascendingNodeTime" type="datetime" required="false"></field>
	<field name="dataset_datasetId" type="int" required="true">912</field>
	<field name="dataset_depthResolution" type="char" required="false">null</field>
	<field name="dataset_description" type="char" required="false">These are sea level anomalies from 1950 to a year before present.  The sea level anomalies are generated by calculating a CycloSationary Empirical Orthogonal Function (CSEOF) using the sea level anomalies from AVISO.  Once the CSEOF is tuned it is applied to historical tide guage data to generate sea level before the advent of satellite altimetry (1992).</field>
	<field name="dataset_ellipsoidType" type="char" required="false">null</field>
	<field name="dataset_horizontalResolutionRange" type="char" required="false">null</field>
	<field name="dataset_latitudeResolution" type="float" required="false">0.25</field>
	<field name="dataset_longitudeResolution" type="float" required="false">0.25</field>
	<field name="dataset_longName" type="char" required="true">Reconstructed Sea Level Version 1</field>
	<field name="dataset_metadata" type="char" required="false">SSHA, SSH, SLA, Sea Surface Height, Sea Level, OST</field>
	<field name="dataset_note" type="char" required="false">null</field>
	<field name="dataset_originalProvider" type="char" required="false">University of Colorado, Boulder</field>
	<field name="dataset_persistentId" type="char" required="true">PODAAC-RECSL-000V1</field>
	<field name="dataset_processingLevel" type="char" required="false">4</field>
	<field name="dataset_projectionDetail" type="char" required="false">null</field>
	<field name="dataset_projectionType" type="char" required="false">null</field>
	<field name="dataset_providerDatasetName" type="char" required="false">Reconstructed Sea Level</field>
	<field name="dataset_providerId" type="int" required="true">69</field>
	<field name="dataset_reference" type="char" required="false">Hamlington, B. D., R. R. Leben, R. S. Nerem, W. Han, and K.-Y. Kim (2011), Reconstructing sea level using cyclostationary empirical orthogonal functions, Journal of Geophysical Research, 116, C12015, doi:10.1029/2011JC007529</field>
	<field name="dataset_remoteDataset" type="char" required="true">L</field>
	<field name="dataset_sampleFrequency" type="float" required="false"></field>
	<field name="dataset_shortName" type="char" required="true">RECON_SEA_LEVEL_OST_L4_V1</field>
	<field name="dataset_swathWidth" type="float" required="false"></field>
	<field name="dataset_temporalRepeat" type="char" required="false">null</field>
	<field name="dataset_temporalRepeatMax" type="char" required="false">null</field>
	<field name="dataset_temporalRepeatMin" type="char" required="false">null</field>
	<field name="dataset_temporalResolution" type="char" required="false">7 days</field>
	<field name="dataset_temporalResolutionRange" type="char" required="false">null</field>
	<field name="datasetCitation_citationDetail" type="char" required="false">Reconstructed Sea Level Version 1</field>
	<field name="datasetCitation_creator" type="char" required="true">CCAR, University of Colorado, Boulder</field>
	<field name="datasetCitation_onlineResource" type="char" required="false">null</field>
	<field name="datasetCitation_publisher" type="char" required="false">null</field>
	<field name="datasetCitation_releaseDate" type="datetime" required="false"></field>
	<field name="datasetCitation_releasePlace" type="char" required="false">null</field>
	<field name="datasetCitation_seriesName" type="char" required="false">RECON_SEA_LEVEL_OST_L4</field>
	<field name="datasetCitation_title" type="char" required="true">RECON_SEA_LEVEL_OST_L4_V1</field>
	<field name="datasetCitation_version" type="char" required="true">1</field>
	<field name="datasetContact_contactId1" type="int" required="true">3</field>
	<field name="datasetContact_contactId2" type="int" required="true">80</field>
	<field name="datasetCoverage_easternmostLongitude" type="double" required="false">360.0</field>
	<field name="datasetCoverage_maxAltitude" type="double" required="false"></field>
	<field name="datasetCoverage_maxDepth" type="double" required="false"></field>
	<field name="datasetCoverage_minAltitude" type="double" required="false"></field>
	<field name="datasetCoverage_minDepth" type="double" required="false"></field>
	<field name="datasetCoverage_northernmostLatitude" type="double" required="false">90.0</field>
	<field name="datasetCoverage_southernmostLatitude" type="double" required="false">-90.0</field>
	<field name="datasetCoverage_startTime" type="datetime" required="true">-617415240000</field>
	<field name="datasetCoverage_stopTime" type="datetime" required="false">1244504760000</field>
	<field name="datasetCoverage_westernmostLongitude" type="double" required="false">0.0</field>
	<field name="datasetLocationPolicy_basePath1" type="char" required="true">http://podaac-opendap.jpl.nasa.gov/opendap/allData/recon_sea_level/preview/L4/recon_sea_level</field>
	<field name="datasetLocationPolicy_basePath2" type="char" required="true">file:///data/dev/users/podaacdev/data/archive/store/recon_sea_level/preview/L4/recon_sea_level</field>
	<field name="datasetLocationPolicy_basePath3" type="char" required="true">ftp://podaac-ftp.jpl.nasa.gov/allData/recon_sea_level/preview/L4/recon_sea_level</field>
	<field name="datasetLocationPolicy_type1" type="char" required="true">LOCAL-OPENDAP</field>
	<field name="datasetLocationPolicy_type2" type="char" required="true">ARCHIVE-PREVIEW</field>
	<field name="datasetLocationPolicy_type3" type="char" required="true">LOCAL-FTP</field>
	<field name="datasetMetaHistory_creationDateLong" type="datetime" required="true">1344472426387</field>
	<field name="datasetMetaHistory_lastRevisionDate" type="datetime" required="true">1345069236000</field>
	<field name="datasetMetaHistory_revisionHistory" type="char" required="true">Dataset Creation via Metadata Tool</field>
	<field name="datasetMetaHistory_versionId" type="int" required="true">1</field>
	<field name="datasetParameter_category1" type="char" required="true">Earth Science</field>
	<field name="datasetParameter_term1" type="char" required="true">Sea Surface Topography</field>
	<field name="datasetParameter_topic1" type="char" required="true">Oceans</field>
	<field name="datasetParameter_variable1" type="char" required="true">Sea Surface Height</field>
	<field name="datasetParameter_variableDetail1" type="char" required="false">null</field>
	<field name="datasetPolicy_accessConstraint" type="char" required="true">none</field>
	<field name="datasetPolicy_accessType" type="char" required="true">PREVIEW</field>
	<field name="datasetPolicy_basePathAppendType" type="char" required="true">NONE</field>
	<field name="datasetPolicy_checksumType" type="char" required="true">MD5</field>
	<field name="datasetPolicy_compressType" type="char" required="true">GZIP</field>
	<field name="datasetPolicy_dataClass" type="char" required="true">ARCHIVE-DIST</field>
	<field name="datasetPolicy_dataDuration" type="int" required="false"></field>
	<field name="datasetPolicy_dataFormat" type="char" required="true">NETCDF</field>
	<field name="datasetPolicy_dataFrequency" type="int" required="false"></field>
	<field name="datasetPolicy_dataLatency" type="int" required="false"></field>
	<field name="datasetPolicy_dataVolume" type="int" required="false"></field>
	<field name="datasetPolicy_spatialType" type="char" required="true">ORACLE</field>
	<field name="datasetPolicy_useConstraint" type="char" required="true">none</field>
	<field name="datasetPolicy_viewOnline" type="char" required="true">N</field>
	<field name="datasetProject_projectId" type="char" required="true">96</field>
	<field name="datasetRegion_region1" type="char" required="true">Global</field>
	<field name="datasetRegion_regionDetail1" type="char" required="false">null</field>
	<field name="datasetSource_sensor1" type="int" required="true">215</field>
	<field name="datasetSource_sensor2" type="int" required="true">45</field>
	<field name="datasetSource_sensor3" type="int" required="true">67</field>
	<field name="datasetSource_sensor4" type="int" required="true">67</field>
	<field name="datasetSource_sensor5" type="int" required="true">15</field>
	<field name="datasetSource_sensor6" type="int" required="true">50</field>
	<field name="datasetSource_sensor7" type="int" required="true">214</field>
	<field name="datasetSource_sensor8" type="int" required="true">15</field>
	<field name="datasetSource_source1" type="int" required="true">190</field>
	<field name="datasetSource_source2" type="int" required="true">20</field>
	<field name="datasetSource_source3" type="int" required="true">291</field>
	<field name="datasetSource_source4" type="int" required="true">14</field>
	<field name="datasetSource_source5" type="int" required="true">291</field>
	<field name="datasetSource_source6" type="int" required="true">20</field>
	<field name="datasetSource_source7" type="int" required="true">190</field>
	<field name="datasetSource_source8" type="int" required="true">14</field>
	<field name="datasetVersion_descritpion1" type="char" required="false">Creation of Dataset via Metadata Tool.</field>
	<field name="datasetVersion_version1" type="char" required="true">1</field>
	<field name="datasetVersion_versionDate1" type="datetime" required="false">1344472426387</field>
	<field name="datasetVersion_versionId1" type="int" required="true">1</field>
</dataset>
