<dataset type="create">
        <field name="dataset_note" type="char" required="false">This is a note for the dataset</field>
	<field name="datasetCitation_creator" type="char" required="true">KNMI</field>
	<field name="datasetElement_elementId8" type="int" required="true">13</field>
	<field name="datasetElement_scope6" type="char" required="true">GRANULE</field>
	<field name="datasetPolicy_dataFrequency" type="int" required="false">2</field>
	<field name="datasetElement_scope14" type="char" required="true">GRANULE</field>
	<field name="datasetElement_elementId5" type="int" required="true">60</field>
	<field name="datasetElement_obligationFlag3" type="char" required="true">M</field>
	<field name="datasetCitation_onlineResource" type="char" required="false">http://www.knmi.nl/scatterometer/publications/pdf/ASCAT_Product_Manual.pdf</field>
	<field name="dataset_persistentId" type="char" required="true">PODAAC-ASOP2-12X01</field>
	<field name="dataset_metadata" type="char" required="false">null</field>
	<field name="datasetElement_deId20" type="int" required="true">5032</field>
	<field name="datasetCoverage_minAltitude" type="double" required="false"></field>
	<field name="datasetElement_obligationFlag35" type="char" required="true">M</field>
	<field name="datasetCoverage_easternmostLongitude" type="double" required="false">180.0</field>
	<field name="datasetCoverage_stopTime" type="datetime" required="false"></field>
	<field name="dataset_projectionType" type="char" required="false">Swath</field>
	<field name="datasetElement_scope29" type="char" required="true">GRANULE</field>
	<field name="datasetElement_obligationFlag10" type="char" required="true">O</field>
	<field name="datasetElement_elementId22" type="int" required="true">4</field>
	<field name="datasetCitation_title" type="char" required="true">MetOp-A ASCAT Level 2 12.5km Ocean Surface Wind Vector Product</field>
	<field name="datasetElement_scope25" type="char" required="true">GRANULE</field>
	<field name="dataset_processingLevel" type="char" required="false">2</field>
	<field name="dataset_remoteDataset" type="char" required="true">L</field>
	<field name="datasetElement_deId19" type="int" required="true">7445</field>
	<field name="dataset_reference" type="char" required="false">OSI SAF Project. ASCAT Wind Product User Manual, Version 1.8. January 2010. KNMI.</field>
	<field name="datasetResource_name2" type="char" required="false">ASCAT-L2-12.5km.jpg</field>
	<field name="datasetElement_deId7" type="int" required="true">8108</field>
	<field name="datasetRegion_region1" type="char" required="true">Global</field>
	<field name="datasetElement_scope7" type="char" required="true">GRANULE</field>
	<field name="datasetCollection_stopGranuleId1" type="int" required="false"></field>
	<field name="datasetElement_obligationFlag34" type="char" required="true">M</field>
	<field name="datasetElement_elementId14" type="int" required="true">15</field>
	<field name="datasetCollection_granuleFlag2" type="char" required="true">A</field>
	<field name="datasetPolicy_spatialType" type="char" required="true">ORACLE</field>
	<field name="datasetElement_deId10" type="int" required="true">11454</field>
	<field name="datasetElement_elementId7" type="int" required="true">14</field>
	<field name="datasetElement_deId17" type="int" required="true">9338</field>
	<field name="datasetElement_obligationFlag25" type="char" required="true">O</field>
	<field name="datasetElement_deId11" type="int" required="true">3061</field>
	<field name="datasetElement_elementId35" type="int" required="true">57</field>
	<field name="datasetParameter_category1" type="char" required="true">Earth Science</field>
	<field name="datasetElement_elementId27" type="int" required="true">16</field>
	<field name="datasetVersion_versionId1" type="int" required="true">1</field>
	<field name="datasetRegion_regionDetail1" type="char" required="false">null</field>
	<field name="datasetElement_obligationFlag2" type="char" required="true">O</field>
	<field name="datasetCitation_citationDetail" type="char" required="false">null</field>
	<field name="datasetPolicy_useConstraint" type="char" required="true">All users publishing with PO.DAAC data from our providers and partners, please add a citation as outlined here: http://podaac.jpl.nasa.gov/WEB_INFO/citations.html. This product is intended for operational use only and has not been thoroughly evaluated for scientific applications. Please use with caution.</field>
	<field name="datasetElement_deId34" type="int" required="true">5786</field>
	<field name="datasetElement_deId4" type="int" required="true">9655</field>
	<field name="datasetElement_elementId15" type="int" required="true">35</field>
	<field name="datasetCoverage_southernmostLatitude" type="double" required="false">-90.0</field>
	<field name="datasetCitation_seriesName" type="char" required="false">ASCAT Operational Level 2 Wind Vectors</field>
	<field name="datasetPolicy_compressType" type="char" required="true">GZIP</field>
	<field name="datasetLocationPolicy_basePath1" type="char" required="true">ftp://podaac-ftp.jpl.nasa.gov/allData/ascat/preview/L2/12km</field>
	<field name="datasetElement_deId16" type="int" required="true">9946</field>
	<field name="datasetCoverage_northernmostLatitude" type="double" required="false">90.0</field>
	<field name="datasetMetaHistory_revisionHistory" type="char" required="true">Dataset Policy created for ASCAT Ingestion</field>
	<field name="datasetElement_scope2" type="char" required="true">GRANULE</field>
	<field name="datasetElement_deId32" type="int" required="true">4278</field>
	<field name="datasetElement_elementId1" type="int" required="true">59</field>
	<field name="datasetResource_type2" type="char" required="false">Thumbnail</field>
	<field name="dataset_depthResolution" type="char" required="false">null</field>
	<field name="datasetCollection_granuleRange3601" type="char" required="true">Y</field>
	<field name="dataset_temporalResolutionRange" type="char" required="false">null</field>
	<field name="datasetElement_scope13" type="char" required="true">GRANULE</field>
	<field name="datasetElement_deId28" type="int" required="true">12208</field>
	<field name="datasetElement_elementId13" type="int" required="true">55</field>
	<field name="datasetElement_deId23" type="int" required="true">2684</field>
	<field name="datasetElement_elementId29" type="int" required="true">52</field>
	<field name="datasetElement_scope21" type="char" required="true">GRANULE</field>
	<field name="datasetElement_elementId19" type="int" required="true">28</field>
	<field name="datasetElement_obligationFlag26" type="char" required="true">O</field>
	<field name="datasetMetaHistory_lastRevisionDate" type="datetime" required="true">1304956684000</field>
	<field name="datasetLocationPolicy_basePath3" type="char" required="true">http://podaac-opendap.jpl.nasa.gov/opendap/allData/ascat/preview/L2/12km</field>
	<field name="datasetElement_scope33" type="char" required="true">GRANULE</field>
	<field name="datasetElement_elementId26" type="int" required="true">10</field>
	<field name="datasetPolicy_dataClass" type="char" required="true">ARCHIVE-DIST</field>
	<field name="datasetElement_obligationFlag4" type="char" required="true">O</field>
	<field name="dataset_alongTrackResolution" type="int" required="false">12500</field>
	<field name="dataset_temporalRepeatMax" type="char" required="false">null</field>
	<field name="datasetElement_deId22" type="int" required="true">10700</field>
	<field name="datasetCitation_version" type="char" required="true">Operational/Near-Real-Time</field>
	<field name="datasetElement_obligationFlag14" type="char" required="true">M</field>
	<field name="dataset_providerId" type="int" required="true">23</field>
	<field name="datasetElement_deId24" type="int" required="true">2615</field>
	<field name="datasetElement_deId25" type="int" required="true">10323</field>
	<field name="datasetPolicy_dataFormat" type="char" required="true">NETCDF</field>
	<field name="datasetElement_scope10" type="char" required="true">GRANULE</field>
	<field name="datasetElement_deId1" type="int" required="true">6163</field>
	<field name="datasetPolicy_dataLatency" type="int" required="false">2</field>
	<field name="datasetElement_scope19" type="char" required="true">GRANULE</field>
	<field name="datasetResource_description2" type="char" required="false">Thumbnail image for Website</field>
	<field name="datasetElement_obligationFlag19" type="char" required="true">M</field>
	<field name="datasetParameter_topic1" type="char" required="true">Oceans</field>
	<field name="datasetCoverage_maxAltitude" type="double" required="false"></field>
	<field name="datasetCoverage_westernmostLongitude" type="double" required="false">-180.0</field>
	<field name="datasetElement_scope32" type="char" required="true">GRANULE</field>
	<field name="datasetElement_obligationFlag21" type="char" required="true">O</field>
	<field name="datasetElement_deId26" type="int" required="true">9556</field>
	<field name="datasetElement_elementId25" type="int" required="true">3</field>
	<field name="datasetPolicy_accessType" type="char" required="true">PREVIEW</field>
	<field name="datasetElement_elementId17" type="int" required="true">25</field>
	<field name="datasetElement_elementId3" type="int" required="true">50</field>
	<field name="datasetElement_deId12" type="int" required="true">3438</field>
	<field name="datasetElement_deId2" type="int" required="true">9741</field>
	<field name="datasetElement_scope15" type="char" required="true">GRANULE</field>
	<field name="datasetElement_scope23" type="char" required="true">GRANULE</field>
	<field name="datasetResource_description1" type="char" required="false">Dataset User Guide</field>
	<field name="datasetElement_scope9" type="char" required="true">GRANULE</field>
	<field name="datasetCollection_startGranuleId2" type="int" required="false"></field>
	<field name="datasetElement_elementId20" type="int" required="true">56</field>
	<field name="dataset_projectionDetail" type="char" required="false">Twin-Swath, each 512.5 km wide, sub-track (nadir) gap of 737.5 km</field>
	<field name="dataset_shortName" type="char" required="true">ASCAT-L2-12.5km_TEST_DATASET</field>
	<field name="datasetElement_obligationFlag7" type="char" required="true">M</field>
	<field name="datasetCollection_CollectionId2" type="int" required="true">181</field>
	<field name="datasetResource_type1" type="char" required="false">Reference Materials</field>
	<field name="datasetLocationPolicy_basePath2" type="char" required="true">file:///data/dev/users/podaacdev/data/archive/store/ascat/preview/L2/12km</field>
	<field name="datasetPolicy_viewOnline" type="char" required="true">Y</field>
	<field name="datasetElement_elementId33" type="int" required="true">22</field>
	<field name="datasetProject_projectId" type="char" required="true">10</field>
	<field name="datasetElement_deId6" type="int" required="true">11077</field>
	<field name="dataset_temporalRepeatMin" type="char" required="false">null</field>
	<field name="datasetElement_elementId12" type="int" required="true">12</field>
	<field name="datasetElement_deId14" type="int" required="true">8485</field>
	<field name="datasetElement_scope4" type="char" required="true">GRANULE</field>
	<field name="dataset_ellipsoidType" type="char" required="false">GEM6</field>
	<field name="datasetElement_deId15" type="int" required="true">730</field>
	<field name="datasetLocationPolicy_type3" type="char" required="true">LOCAL-OPENDAP</field>
	<field name="datasetElement_scope5" type="char" required="true">GRANULE</field>
	<field name="datasetElement_obligationFlag29" type="char" required="true">M</field>
	<field name="datasetMetaHistory_versionId" type="int" required="true">1</field>
	<field name="datasetElement_obligationFlag9" type="char" required="true">O</field>
	<field name="dataset_longitudeResolution" type="float" required="false"></field>
	<field name="datasetResource_name1" type="char" required="false">ASCAT User Guide</field>
	<field name="datasetElement_scope12" type="char" required="true">GRANULE</field>
	<field name="datasetCollection_CollectionId1" type="int" required="true">182</field>
	<field name="datasetElement_scope18" type="char" required="true">GRANULE</field>
	<field name="datasetElement_scope28" type="char" required="true">GRANULE</field>
	<field name="datasetElement_deId8" type="int" required="true">7731</field>
	<field name="datasetElement_obligationFlag6" type="char" required="true">O</field>
	<field name="dataset_longName" type="char" required="true">MetOp-A ASCAT Level 2 12.5km Ocean Surface Wind Vector Product</field>
	<field name="datasetElement_obligationFlag12" type="char" required="true">M</field>
	<field name="datasetElement_scope26" type="char" required="true">GRANULE</field>
	<field name="datasetLocationPolicy_type1" type="char" required="true">LOCAL-FTP</field>
	<field name="datasetElement_deId5" type="int" required="true">6540</field>
	<field name="datasetElement_obligationFlag30" type="char" required="true">M</field>
	<field name="datasetLocationPolicy_type2" type="char" required="true">ARCHIVE-PREVIEW</field>
	<field name="datasetElement_scope1" type="char" required="true">GRANULE</field>
	<field name="dataset_altitudeResolution" type="char" required="false">null</field>
	<field name="datasetParameter_variable1" type="char" required="true">Surface Winds</field>
	<field name="datasetParameter_term1" type="char" required="true">Ocean Winds</field>
	<field name="dataset_temporalResolution" type="char" required="false">12-Hourly (Nominal)</field>
	<field name="datasetResource_path1" type="char" required="true">http://www.knmi.nl/scatterometer/publications/pdf/ASCAT_Product_Manual.pdf</field>
	<field name="datasetElement_obligationFlag22" type="char" required="true">O</field>
	<field name="datasetPolicy_accessConstraint" type="char" required="true">none</field>
	<field name="datasetElement_elementId23" type="int" required="true">8</field>
	<field name="dataset_description" type="char" required="false">KNMIs operational Near-Real-Time ASCAT Level 2 dataset containing ocean surface wind vector retrievals at 12.5 km sampling resolution (note: the effective resolution is 25 km). Each file is provided in NetCDF version 3 format, and contains one full orbit derived from 3-minute orbit granules. Latency is approximately 2 hours from the latest measurement. The beginning of the orbit is defined by the first wind vector cell measurement within the first 3-minute orbit granule that starts north of the Equator in the ascending node. This dataset is currently distributed in &quot;Preview&quot;. As such, it has not yet been thoroughly evaluated by the science community. PO.DAAC has agreed to provide this dataset as a special service to its users with the mutual understanding that issues or problems may arise, resulting in an improved version of this dataset. Therefore, all users of this dataset are advised to register with PO.DAAC by sending a short email with your name and email address to podaac@podaac.</field>
	<field name="datasetElement_scope3" type="char" required="true">GRANULE</field>
	<field name="datasetElement_obligationFlag1" type="char" required="true">M</field>
	<field name="datasetSource_sensor1" type="int" required="true">311</field>
	<field name="datasetElement_elementId31" type="int" required="true">53</field>
	<field name="datasetElement_deId30" type="int" required="true">7068</field>
	<field name="datasetCollection_startGranuleId1" type="int" required="false"></field>
	<field name="datasetElement_obligationFlag17" type="char" required="true">O</field>
	<field name="datasetElement_elementId32" type="int" required="true">54</field>
	<field name="datasetElement_elementId21" type="int" required="true">3</field>
	<field name="datasetParameter_variableDetail1" type="char" required="false">Ocean Surface Wind Vectors</field>
	<field name="datasetElement_elementId6" type="int" required="true">6</field>
	<field name="datasetElement_scope30" type="char" required="true">GRANULE</field>
	<field name="datasetPolicy_basePathAppendType" type="char" required="true">YEAR-DOY</field>
	<field name="datasetElement_obligationFlag15" type="char" required="true">M</field>
	<field name="datasetElement_elementId30" type="int" required="true">23</field>
	<field name="datasetElement_elementId16" type="int" required="true">1</field>
	<field name="dataset_sampleFrequency" type="float" required="false"></field>
	<field name="dataset_acrossTrackResolution" type="int" required="false">12500</field>
	<field name="datasetCoverage_startTime" type="datetime" required="true">1236012841000</field>
	<field name="datasetElement_obligationFlag33" type="char" required="true">O</field>
	<field name="datasetElement_elementId28" type="int" required="true">17</field>
	<field name="dataset_horizontalResolutionRange" type="char" required="false">null</field>
	<field name="datasetElement_obligationFlag5" type="char" required="true">M</field>
	<field name="datasetElement_scope22" type="char" required="true">GRANULE</field>
	<field name="datasetElement_deId27" type="int" required="true">11831</field>
	<field name="dataset_temporalRepeat" type="char" required="false">null</field>
	<field name="datasetElement_obligationFlag23" type="char" required="true">M</field>
	<field name="dataset_latitudeResolution" type="float" required="false"></field>
	<field name="datasetElement_obligationFlag24" type="char" required="true">M</field>
	<field name="datasetPolicy_checksumType" type="char" required="true">MD5</field>
	<field name="dataset_ascendingNodeTime" type="datetime" required="false">1170369000000</field>
	<field name="datasetElement_obligationFlag28" type="char" required="true">O</field>
	<field name="datasetElement_scope35" type="char" required="true">GRANULE</field>
	<field name="datasetElement_scope11" type="char" required="true">GRANULE</field>
	<field name="datasetElement_scope27" type="char" required="true">GRANULE</field>
	<field name="datasetElement_obligationFlag8" type="char" required="true">M</field>
	<field name="datasetElement_scope16" type="char" required="true">GRANULE</field>
	<field name="datasetElement_deId33" type="int" required="true">12585</field>
	<field name="datasetElement_elementId34" type="int" required="true">58</field>
	<field name="datasetElement_elementId11" type="int" required="true">11</field>
	<field name="datasetCoverage_minDepth" type="double" required="false"></field>
	<field name="datasetElement_deId13" type="int" required="true">4655</field>
	<field name="datasetSource_source1" type="int" required="true">6</field>
	<field name="datasetPolicy_dataDuration" type="int" required="false">-999</field>
	<field name="datasetCollection_stopGranuleId2" type="int" required="false"></field>
	<field name="datasetElement_elementId9" type="int" required="true">25</field>
	<field name="datasetElement_obligationFlag20" type="char" required="true">M</field>
	<field name="datasetCollection_granuleFlag1" type="char" required="true">A</field>
	<field name="datasetElement_elementId4" type="int" required="true">22</field>
	<field name="datasetElement_scope31" type="char" required="true">GRANULE</field>
	<field name="datasetCitation_publisher" type="char" required="false">KNMI</field>
	<field name="datasetElement_scope24" type="char" required="true">GRANULE</field>
	<field name="datasetCitation_releaseDate" type="datetime" required="false">1264032000000</field>
	<field name="datasetVersion_version1" type="char" required="true">TBD</field>
	<field name="datasetElement_deId9" type="int" required="true">12962</field>
	<field name="datasetElement_scope8" type="char" required="true">GRANULE</field>
	<field name="dataset_providerDatasetName" type="char" required="false">MetOp-A ASCAT Level 2 12.5km Ocean Surface Wind Vectors in Full Orbit Swath</field>
	<field name="datasetElement_scope17" type="char" required="true">GRANULE</field>
	<field name="datasetElement_obligationFlag18" type="char" required="true">M</field>
	<field name="datasetElement_obligationFlag31" type="char" required="true">M</field>
	<field name="datasetPolicy_dataVolume" type="int" required="false">2</field>
	<field name="datasetCoverage_maxDepth" type="double" required="false"></field>
	<field name="datasetElement_deId21" type="int" required="true">8875</field>
	<field name="datasetElement_deId18" type="int" required="true">1861</field>
	<field name="datasetElement_deId3" type="int" required="true">2238</field>
	<field name="datasetElement_elementId2" type="int" required="true">9</field>
	<field name="datasetCitation_releasePlace" type="char" required="false">PO.DAAC</field>
	<field name="datasetElement_obligationFlag11" type="char" required="true">M</field>
	<field name="datasetElement_scope34" type="char" required="true">GRANULE</field>
	<field name="datasetContact_contactId1" type="int" required="true">1</field>
	<field name="datasetElement_elementId24" type="int" required="true">51</field>
	<field name="datasetResource_path2" type="char" required="true">/data/export/web/thumbnails</field>
	<field name="datasetMetaHistory_creationDateLong" type="datetime" required="true">1254403476000</field>
	<field name="datasetElement_deId29" type="int" required="true">348</field>
	<field name="dataset_originalProvider" type="char" required="false">EUMETSAT/OSI SAF/KNMI</field>
	<field name="datasetElement_obligationFlag27" type="char" required="true">O</field>
	<field name="datasetElement_deId35" type="int" required="true">5409</field>
	<field name="datasetVersion_versionDate1" type="datetime" required="false">1248220800000</field>
	<field name="datasetElement_scope20" type="char" required="true">GRANULE</field>
	<field name="datasetVersion_descritpion1" type="char" required="false">Initial processor version.</field>
	<field name="datasetElement_elementId18" type="int" required="true">49</field>
	<field name="dataset_swathWidth" type="float" required="false"></field>
	<field name="datasetElement_obligationFlag32" type="char" required="true">M</field>
	<field name="datasetCollection_granuleRange3602" type="char" required="true">Y</field>
	<field name="datasetElement_obligationFlag16" type="char" required="true">O</field>
	<field name="datasetElement_elementId10" type="int" required="true">7</field>
	<field name="datasetElement_deId31" type="int" required="true">3901</field>
	<field name="datasetElement_obligationFlag13" type="char" required="true">M</field>
</dataset>
